[12-May-2019 09:33:02 UTC] PHP Parse error:  syntax error, unexpected 'center' (T_STRING) in /home/bornosky/public_html/new/student/pannel/academic/result/progress_report.php on line 137
[18-May-2019 07:39:32 UTC] PHP Fatal error:  Call to a member function fetch_assoc() on boolean in /home/bornosky/public_html/new/student/pannel/academic/result/download_progress_report.php on line 68
[18-May-2019 07:45:18 UTC] PHP Warning:  require(fpdf/fpdf.php): failed to open stream: No such file or directory in /home/bornosky/public_html/new/student/pannel/academic/result/download_progress_report.php on line 107
[18-May-2019 07:45:18 UTC] PHP Warning:  require(fpdf/fpdf.php): failed to open stream: No such file or directory in /home/bornosky/public_html/new/student/pannel/academic/result/download_progress_report.php on line 107
[18-May-2019 07:45:18 UTC] PHP Fatal error:  require(): Failed opening required 'fpdf/fpdf.php' (include_path='.:/opt/cpanel/ea-php56/root/usr/share/pear') in /home/bornosky/public_html/new/student/pannel/academic/result/download_progress_report.php on line 107
[18-May-2019 07:46:19 UTC] PHP Warning:  require(fpdf/fpdf.php): failed to open stream: No such file or directory in /home/bornosky/public_html/new/student/pannel/academic/result/download_progress_report.php on line 107
[18-May-2019 07:46:19 UTC] PHP Warning:  require(fpdf/fpdf.php): failed to open stream: No such file or directory in /home/bornosky/public_html/new/student/pannel/academic/result/download_progress_report.php on line 107
[18-May-2019 07:46:19 UTC] PHP Fatal error:  require(): Failed opening required 'fpdf/fpdf.php' (include_path='.:/opt/cpanel/ea-php56/root/usr/share/pear') in /home/bornosky/public_html/new/student/pannel/academic/result/download_progress_report.php on line 107
[18-May-2019 08:10:45 UTC] PHP Warning:  require(fpdf/fpdf.php): failed to open stream: No such file or directory in /home/bornosky/public_html/new/student/pannel/academic/result/download_progress_report.php on line 108
[18-May-2019 08:10:45 UTC] PHP Warning:  require(fpdf/fpdf.php): failed to open stream: No such file or directory in /home/bornosky/public_html/new/student/pannel/academic/result/download_progress_report.php on line 108
[18-May-2019 08:10:45 UTC] PHP Fatal error:  require(): Failed opening required 'fpdf/fpdf.php' (include_path='.:/opt/cpanel/ea-php56/root/usr/share/pear') in /home/bornosky/public_html/new/student/pannel/academic/result/download_progress_report.php on line 108
[18-May-2019 08:11:51 UTC] PHP Warning:  require(fpdf/fpdf.php): failed to open stream: No such file or directory in /home/bornosky/public_html/new/student/pannel/academic/result/download_progress_report.php on line 108
[18-May-2019 08:11:51 UTC] PHP Warning:  require(fpdf/fpdf.php): failed to open stream: No such file or directory in /home/bornosky/public_html/new/student/pannel/academic/result/download_progress_report.php on line 108
[18-May-2019 08:11:51 UTC] PHP Fatal error:  require(): Failed opening required 'fpdf/fpdf.php' (include_path='.:/opt/cpanel/ea-php56/root/usr/share/pear') in /home/bornosky/public_html/new/student/pannel/academic/result/download_progress_report.php on line 108
[18-May-2019 08:30:24 UTC] PHP Warning:  require(fpdf/fpdf.php): failed to open stream: No such file or directory in /home/bornosky/public_html/new/student/pannel/academic/result/download_progress_report.php on line 108
[18-May-2019 08:30:24 UTC] PHP Warning:  require(fpdf/fpdf.php): failed to open stream: No such file or directory in /home/bornosky/public_html/new/student/pannel/academic/result/download_progress_report.php on line 108
[18-May-2019 08:30:24 UTC] PHP Fatal error:  require(): Failed opening required 'fpdf/fpdf.php' (include_path='.:/opt/cpanel/ea-php56/root/usr/share/pear') in /home/bornosky/public_html/new/student/pannel/academic/result/download_progress_report.php on line 108
[18-May-2019 08:31:54 UTC] PHP Warning:  require(fpdf/fpdf.php): failed to open stream: No such file or directory in /home/bornosky/public_html/new/student/pannel/academic/result/download_progress_report.php on line 108
[18-May-2019 08:31:54 UTC] PHP Warning:  require(fpdf/fpdf.php): failed to open stream: No such file or directory in /home/bornosky/public_html/new/student/pannel/academic/result/download_progress_report.php on line 108
[18-May-2019 08:31:54 UTC] PHP Fatal error:  require(): Failed opening required 'fpdf/fpdf.php' (include_path='.:/opt/cpanel/ea-php56/root/usr/share/pear') in /home/bornosky/public_html/new/student/pannel/academic/result/download_progress_report.php on line 108
[18-May-2019 08:34:51 UTC] PHP Warning:  require(fpdf/fpdf.php): failed to open stream: No such file or directory in /home/bornosky/public_html/new/student/pannel/academic/result/download_progress_report.php on line 110
[18-May-2019 08:34:51 UTC] PHP Warning:  require(fpdf/fpdf.php): failed to open stream: No such file or directory in /home/bornosky/public_html/new/student/pannel/academic/result/download_progress_report.php on line 110
[18-May-2019 08:34:51 UTC] PHP Fatal error:  require(): Failed opening required 'fpdf/fpdf.php' (include_path='.:/opt/cpanel/ea-php56/root/usr/share/pear') in /home/bornosky/public_html/new/student/pannel/academic/result/download_progress_report.php on line 110
[18-May-2019 08:36:42 UTC] PHP Fatal error:  Uncaught exception 'Exception' with message 'FPDF error: Some data has already been output, can't send PDF file (output started at /home/bornosky/public_html/new/student/pannel/academic/result/download_progress_report.php:1767)' in /home/bornosky/public_html/new/student/pannel/academic/result/fpdf/fpdf.php:271
Stack trace:
#0 /home/bornosky/public_html/new/student/pannel/academic/result/fpdf/fpdf.php(1052): FPDF->Error('Some data has a...')
#1 /home/bornosky/public_html/new/student/pannel/academic/result/fpdf/fpdf.php(999): FPDF->_checkoutput()
#2 /home/bornosky/public_html/new/student/pannel/academic/result/download_progress_report.php(2452): FPDF->Output()
#3 {main}
  thrown in /home/bornosky/public_html/new/student/pannel/academic/result/fpdf/fpdf.php on line 271
[18-May-2019 08:40:00 UTC] PHP Fatal error:  Call to a member function fetch_assoc() on boolean in /home/bornosky/public_html/new/student/pannel/academic/result/download_progress_report.php on line 70
[18-May-2019 08:45:17 UTC] PHP Fatal error:  Call to a member function fetch_assoc() on boolean in /home/bornosky/public_html/new/student/pannel/academic/result/download_avg_progress_report.php on line 90
[18-May-2019 08:46:15 UTC] PHP Fatal error:  Call to a member function fetch_assoc() on boolean in /home/bornosky/public_html/new/student/pannel/academic/result/download_avg_progress_report.php on line 90
[18-May-2019 08:49:37 UTC] PHP Fatal error:  Call to a member function fetch_assoc() on boolean in /home/bornosky/public_html/new/student/pannel/academic/result/download_avg_progress_report.php on line 90
[21-May-2019 06:31:40 UTC] PHP Fatal error:  Call to a member function fetch_assoc() on boolean in /home/bornosky/public_html/new/student/pannel/academic/result/download_progress_report.php on line 2192
[21-May-2019 06:31:49 UTC] PHP Fatal error:  Call to a member function fetch_assoc() on boolean in /home/bornosky/public_html/new/student/pannel/academic/result/download_progress_report.php on line 70
[21-May-2019 06:31:56 UTC] PHP Fatal error:  Call to a member function fetch_assoc() on boolean in /home/bornosky/public_html/new/student/pannel/academic/result/download_progress_report.php on line 70
[21-May-2019 06:41:56 UTC] PHP Fatal error:  Call to a member function fetch_assoc() on boolean in /home/bornosky/public_html/new/student/pannel/academic/result/download_progress_report.php on line 2192
[21-May-2019 06:43:11 UTC] PHP Fatal error:  Call to a member function fetch_assoc() on boolean in /home/bornosky/public_html/new/student/pannel/academic/result/download_progress_report.php on line 2192
[21-May-2019 06:50:56 UTC] PHP Fatal error:  Call to a member function fetch_assoc() on boolean in /home/bornosky/public_html/new/student/pannel/academic/result/download_progress_report.php on line 2194
[01-Jun-2019 06:13:50 UTC] PHP Fatal error:  Call to a member function fetch_assoc() on boolean in /home/bornosky/public_html/new/student/pannel/academic/result/download_progress_report.php on line 2194
[01-Jun-2019 06:23:37 UTC] PHP Fatal error:  Call to a member function fetch_assoc() on boolean in /home/bornosky/public_html/new/student/pannel/academic/result/download_progress_report.php on line 2194
[01-Jun-2019 06:24:16 UTC] PHP Fatal error:  Call to a member function fetch_assoc() on boolean in /home/bornosky/public_html/new/student/pannel/academic/result/download_progress_report.php on line 2194
[01-Jun-2019 06:24:32 UTC] PHP Fatal error:  Call to a member function fetch_assoc() on boolean in /home/bornosky/public_html/new/student/pannel/academic/result/download_progress_report.php on line 2194
[01-Jun-2019 06:25:02 UTC] PHP Fatal error:  Call to a member function fetch_assoc() on boolean in /home/bornosky/public_html/new/student/pannel/academic/result/download_progress_report.php on line 2194
[01-Jun-2019 06:25:15 UTC] PHP Fatal error:  Call to a member function fetch_assoc() on boolean in /home/bornosky/public_html/new/student/pannel/academic/result/download_progress_report.php on line 2194
[01-Jun-2019 06:25:54 UTC] PHP Fatal error:  Call to a member function fetch_assoc() on boolean in /home/bornosky/public_html/new/student/pannel/academic/result/download_progress_report.php on line 2191
[01-Jun-2019 06:26:13 UTC] PHP Fatal error:  Call to a member function fetch_assoc() on boolean in /home/bornosky/public_html/new/student/pannel/academic/result/download_progress_report.php on line 2191
[01-Jun-2019 06:26:27 UTC] PHP Fatal error:  Call to a member function fetch_assoc() on boolean in /home/bornosky/public_html/new/student/pannel/academic/result/download_progress_report.php on line 2191
[01-Jun-2019 06:26:40 UTC] PHP Fatal error:  Call to a member function fetch_assoc() on boolean in /home/bornosky/public_html/new/student/pannel/academic/result/download_progress_report.php on line 2191
[01-Jun-2019 06:30:01 UTC] PHP Fatal error:  Call to a member function fetch_assoc() on boolean in /home/bornosky/public_html/new/student/pannel/academic/result/download_progress_report.php on line 2193
[01-Jun-2019 06:31:58 UTC] PHP Fatal error:  Call to a member function fetch_assoc() on boolean in /home/bornosky/public_html/new/student/pannel/academic/result/download_progress_report.php on line 2193
[01-Jun-2019 06:32:17 UTC] PHP Fatal error:  Call to a member function fetch_assoc() on boolean in /home/bornosky/public_html/new/student/pannel/academic/result/download_progress_report.php on line 2193
[01-Jun-2019 06:34:27 UTC] PHP Fatal error:  Call to a member function fetch_assoc() on boolean in /home/bornosky/public_html/new/student/pannel/academic/result/download_progress_report.php on line 2193
[01-Jun-2019 06:34:56 UTC] PHP Fatal error:  Call to a member function fetch_assoc() on boolean in /home/bornosky/public_html/new/student/pannel/academic/result/download_progress_report.php on line 2193
[01-Jun-2019 06:44:38 UTC] PHP Fatal error:  Call to a member function fetch_assoc() on boolean in /home/bornosky/public_html/new/student/pannel/academic/result/download_progress_report.php on line 2194
[01-Jun-2019 06:47:04 UTC] PHP Fatal error:  Call to a member function fetch_assoc() on boolean in /home/bornosky/public_html/new/student/pannel/academic/result/download_progress_report.php on line 1979
[28-Jan-2020 16:18:35 UTC] PHP Fatal error:  Uncaught Error: Call to a member function fetch_assoc() on bool in /home/bornosky/public_html/new/student/pannel/academic/result/download_progress_report.php:16
Stack trace:
#0 {main}
  thrown in /home/bornosky/public_html/new/student/pannel/academic/result/download_progress_report.php on line 16
[28-Jan-2020 16:18:39 UTC] PHP Fatal error:  Uncaught Error: Call to a member function fetch_assoc() on bool in /home/bornosky/public_html/new/student/pannel/academic/result/download_avg_progress_report.php:14
Stack trace:
#0 {main}
  thrown in /home/bornosky/public_html/new/student/pannel/academic/result/download_avg_progress_report.php on line 14
[28-Jan-2020 16:21:17 UTC] PHP Fatal error:  Uncaught Error: Call to a member function fetch_assoc() on bool in /home/bornosky/public_html/new/student/pannel/academic/result/download_progress_report.php:16
Stack trace:
#0 {main}
  thrown in /home/bornosky/public_html/new/student/pannel/academic/result/download_progress_report.php on line 16
[28-Jan-2020 16:21:26 UTC] PHP Fatal error:  Uncaught Error: Call to a member function fetch_assoc() on bool in /home/bornosky/public_html/new/student/pannel/academic/result/download_avg_progress_report.php:14
Stack trace:
#0 {main}
  thrown in /home/bornosky/public_html/new/student/pannel/academic/result/download_avg_progress_report.php on line 14
[28-Jan-2020 16:37:37 UTC] PHP Fatal error:  Uncaught Error: Call to a member function fetch_assoc() on bool in /home/bornosky/public_html/new/student/pannel/academic/result/download_progress_report.php:16
Stack trace:
#0 {main}
  thrown in /home/bornosky/public_html/new/student/pannel/academic/result/download_progress_report.php on line 16
[10-Jul-2020 11:28:16 UTC] PHP Fatal error:  Uncaught Error: Call to a member function fetch_assoc() on bool in /home/bornosky/public_html/new/student/pannel/academic/result/download_avg_progress_report.php:14
Stack trace:
#0 {main}
  thrown in /home/bornosky/public_html/new/student/pannel/academic/result/download_avg_progress_report.php on line 14
[10-Jul-2020 11:55:20 UTC] PHP Fatal error:  Uncaught Error: Call to a member function fetch_assoc() on bool in /home/bornosky/public_html/new/student/pannel/academic/result/download_progress_report.php:16
Stack trace:
#0 {main}
  thrown in /home/bornosky/public_html/new/student/pannel/academic/result/download_progress_report.php on line 16
[06-Aug-2020 06:22:51 UTC] PHP Fatal error:  Uncaught Error: Call to a member function fetch_assoc() on boolean in /home/bornosky/public_html/new/student/pannel/academic/result/download_progress_report.php:71
Stack trace:
#0 {main}
  thrown in /home/bornosky/public_html/new/student/pannel/academic/result/download_progress_report.php on line 71
[10-Aug-2020 06:19:41 UTC] PHP Fatal error:  Uncaught Error: Call to a member function fetch_assoc() on boolean in /home/bornosky/public_html/new/student/pannel/academic/result/download_progress_report.php:71
Stack trace:
#0 {main}
  thrown in /home/bornosky/public_html/new/student/pannel/academic/result/download_progress_report.php on line 71
[10-Aug-2020 06:19:47 UTC] PHP Fatal error:  Uncaught Error: Call to a member function fetch_assoc() on boolean in /home/bornosky/public_html/new/student/pannel/academic/result/download_avg_progress_report.php:90
Stack trace:
#0 {main}
  thrown in /home/bornosky/public_html/new/student/pannel/academic/result/download_avg_progress_report.php on line 90
[10-Aug-2020 06:19:51 UTC] PHP Fatal error:  Uncaught Error: Call to a member function fetch_assoc() on boolean in /home/bornosky/public_html/new/student/pannel/academic/result/download_progress_report.php:71
Stack trace:
#0 {main}
  thrown in /home/bornosky/public_html/new/student/pannel/academic/result/download_progress_report.php on line 71
[22-Oct-2020 12:51:56 UTC] PHP Notice:  Undefined index: borno_school_stud_group in /home/bornosky/public_html/new/student/pannel/academic/result/download_progress_report.php on line 48
[22-Oct-2020 12:51:56 UTC] PHP Warning:  Use of undefined constant L - assumed 'L' (this will throw an Error in a future version of PHP) in /home/bornosky/public_html/new/student/pannel/academic/result/download_progress_report.php on line 164
[22-Oct-2020 12:51:56 UTC] PHP Warning:  Use of undefined constant Total - assumed 'Total' (this will throw an Error in a future version of PHP) in /home/bornosky/public_html/new/student/pannel/academic/result/download_progress_report.php on line 1088
[22-Oct-2020 12:51:56 UTC] PHP Warning:  Use of undefined constant GP - assumed 'GP' (this will throw an Error in a future version of PHP) in /home/bornosky/public_html/new/student/pannel/academic/result/download_progress_report.php on line 1090
[22-Oct-2020 12:51:56 UTC] PHP Warning:  Use of undefined constant LG - assumed 'LG' (this will throw an Error in a future version of PHP) in /home/bornosky/public_html/new/student/pannel/academic/result/download_progress_report.php on line 1091
[22-Oct-2020 12:51:57 UTC] PHP Notice:  Undefined variable: s1 in /home/bornosky/public_html/new/student/pannel/academic/result/download_progress_report.php on line 1317
[22-Oct-2020 12:51:57 UTC] PHP Notice:  Undefined variable: s1 in /home/bornosky/public_html/new/student/pannel/academic/result/download_progress_report.php on line 1317
[22-Oct-2020 12:51:57 UTC] PHP Notice:  Undefined variable: s1 in /home/bornosky/public_html/new/student/pannel/academic/result/download_progress_report.php on line 1317
[22-Oct-2020 12:51:57 UTC] PHP Notice:  Undefined variable: s1 in /home/bornosky/public_html/new/student/pannel/academic/result/download_progress_report.php on line 1317
[22-Oct-2020 12:51:57 UTC] PHP Notice:  Undefined variable: s1 in /home/bornosky/public_html/new/student/pannel/academic/result/download_progress_report.php on line 1317
[22-Oct-2020 12:51:57 UTC] PHP Notice:  Undefined variable: s1 in /home/bornosky/public_html/new/student/pannel/academic/result/download_progress_report.php on line 1317
[22-Oct-2020 12:51:57 UTC] PHP Notice:  Undefined variable: s1 in /home/bornosky/public_html/new/student/pannel/academic/result/download_progress_report.php on line 1317
[22-Oct-2020 12:51:57 UTC] PHP Notice:  Undefined variable: s1 in /home/bornosky/public_html/new/student/pannel/academic/result/download_progress_report.php on line 1317
[22-Oct-2020 12:51:57 UTC] PHP Notice:  Undefined variable: s1 in /home/bornosky/public_html/new/student/pannel/academic/result/download_progress_report.php on line 1317
[22-Oct-2020 12:51:57 UTC] PHP Notice:  Undefined variable: s1 in /home/bornosky/public_html/new/student/pannel/academic/result/download_progress_report.php on line 1317
[22-Oct-2020 12:51:57 UTC] PHP Notice:  Undefined variable: s1 in /home/bornosky/public_html/new/student/pannel/academic/result/download_progress_report.php on line 1317
[22-Oct-2020 12:51:57 UTC] PHP Notice:  Undefined variable: s1 in /home/bornosky/public_html/new/student/pannel/academic/result/download_progress_report.php on line 1317
[22-Oct-2020 12:51:57 UTC] PHP Notice:  Undefined variable: s1 in /home/bornosky/public_html/new/student/pannel/academic/result/download_progress_report.php on line 1317
[22-Oct-2020 12:51:57 UTC] PHP Fatal error:  Uncaught Exception: FPDF error: Some data has already been output, can't send PDF file in /home/bornosky/public_html/new/student/pannel/academic/result/fpdf/fpdf.php:271
Stack trace:
#0 /home/bornosky/public_html/new/student/pannel/academic/result/fpdf/fpdf.php(1063): FPDF->Error('Some data has a...')
#1 /home/bornosky/public_html/new/student/pannel/academic/result/fpdf/fpdf.php(999): FPDF->_checkoutput()
#2 /home/bornosky/public_html/new/student/pannel/academic/result/download_progress_report.php(2451): FPDF->Output()
#3 {main}
  thrown in /home/bornosky/public_html/new/student/pannel/academic/result/fpdf/fpdf.php on line 271
[22-Oct-2020 12:52:08 UTC] PHP Warning:  Use of undefined constant L - assumed 'L' (this will throw an Error in a future version of PHP) in /home/bornosky/public_html/new/student/pannel/academic/result/download_avg_progress_report.php on line 196
[22-Oct-2020 12:52:08 UTC] PHP Warning:  Use of undefined constant Annual - assumed 'Annual' (this will throw an Error in a future version of PHP) in /home/bornosky/public_html/new/student/pannel/academic/result/download_avg_progress_report.php on line 1300
[22-Oct-2020 12:52:08 UTC] PHP Warning:  Use of undefined constant GP - assumed 'GP' (this will throw an Error in a future version of PHP) in /home/bornosky/public_html/new/student/pannel/academic/result/download_avg_progress_report.php on line 1344
[22-Oct-2020 12:52:08 UTC] PHP Warning:  Use of undefined constant LG - assumed 'LG' (this will throw an Error in a future version of PHP) in /home/bornosky/public_html/new/student/pannel/academic/result/download_avg_progress_report.php on line 1345
[22-Oct-2020 12:52:08 UTC] PHP Warning:  Use of undefined constant GP - assumed 'GP' (this will throw an Error in a future version of PHP) in /home/bornosky/public_html/new/student/pannel/academic/result/download_avg_progress_report.php on line 1353
[22-Oct-2020 12:52:08 UTC] PHP Warning:  Use of undefined constant LG - assumed 'LG' (this will throw an Error in a future version of PHP) in /home/bornosky/public_html/new/student/pannel/academic/result/download_avg_progress_report.php on line 1354
[22-Oct-2020 12:52:08 UTC] PHP Warning:  Use of undefined constant GP - assumed 'GP' (this will throw an Error in a future version of PHP) in /home/bornosky/public_html/new/student/pannel/academic/result/download_avg_progress_report.php on line 1362
[22-Oct-2020 12:52:08 UTC] PHP Warning:  Use of undefined constant LG - assumed 'LG' (this will throw an Error in a future version of PHP) in /home/bornosky/public_html/new/student/pannel/academic/result/download_avg_progress_report.php on line 1363
[22-Oct-2020 12:52:08 UTC] PHP Notice:  Undefined variable: s1 in /home/bornosky/public_html/new/student/pannel/academic/result/download_avg_progress_report.php on line 1377
[22-Oct-2020 12:52:08 UTC] PHP Notice:  Undefined variable: s1 in /home/bornosky/public_html/new/student/pannel/academic/result/download_avg_progress_report.php on line 1377
[22-Oct-2020 12:52:08 UTC] PHP Notice:  Undefined variable: s1 in /home/bornosky/public_html/new/student/pannel/academic/result/download_avg_progress_report.php on line 1377
[22-Oct-2020 12:52:08 UTC] PHP Notice:  Undefined variable: s1 in /home/bornosky/public_html/new/student/pannel/academic/result/download_avg_progress_report.php on line 1377
[22-Oct-2020 12:52:09 UTC] PHP Notice:  Undefined variable: s1 in /home/bornosky/public_html/new/student/pannel/academic/result/download_avg_progress_report.php on line 1377
[22-Oct-2020 12:52:09 UTC] PHP Notice:  Undefined variable: s1 in /home/bornosky/public_html/new/student/pannel/academic/result/download_avg_progress_report.php on line 1377
[22-Oct-2020 12:52:09 UTC] PHP Notice:  Undefined variable: s1 in /home/bornosky/public_html/new/student/pannel/academic/result/download_avg_progress_report.php on line 1377
[22-Oct-2020 12:52:09 UTC] PHP Notice:  Undefined variable: s1 in /home/bornosky/public_html/new/student/pannel/academic/result/download_avg_progress_report.php on line 1377
[22-Oct-2020 12:52:10 UTC] PHP Notice:  Undefined variable: s1 in /home/bornosky/public_html/new/student/pannel/academic/result/download_avg_progress_report.php on line 1377
[22-Oct-2020 12:52:10 UTC] PHP Notice:  Undefined variable: s1 in /home/bornosky/public_html/new/student/pannel/academic/result/download_avg_progress_report.php on line 1377
[22-Oct-2020 12:52:10 UTC] PHP Notice:  Undefined variable: s1 in /home/bornosky/public_html/new/student/pannel/academic/result/download_avg_progress_report.php on line 1377
[22-Oct-2020 12:52:11 UTC] PHP Notice:  Undefined variable: s1 in /home/bornosky/public_html/new/student/pannel/academic/result/download_avg_progress_report.php on line 1377
[22-Oct-2020 12:52:11 UTC] PHP Notice:  Undefined variable: s1 in /home/bornosky/public_html/new/student/pannel/academic/result/download_avg_progress_report.php on line 1377
[22-Oct-2020 12:52:11 UTC] PHP Warning:  Use of undefined constant Average - assumed 'Average' (this will throw an Error in a future version of PHP) in /home/bornosky/public_html/new/student/pannel/academic/result/download_avg_progress_report.php on line 1991
[22-Oct-2020 12:52:11 UTC] PHP Fatal error:  Uncaught Exception: FPDF error: Some data has already been output, can't send PDF file (output started at /home/bornosky/public_html/new/student/pannel/academic/result/download_avg_progress_report.php:1377) in /home/bornosky/public_html/new/student/pannel/academic/result/fpdf/fpdf.php:271
Stack trace:
#0 /home/bornosky/public_html/new/student/pannel/academic/result/fpdf/fpdf.php(1052): FPDF->Error('Some data has a...')
#1 /home/bornosky/public_html/new/student/pannel/academic/result/fpdf/fpdf.php(999): FPDF->_checkoutput()
#2 /home/bornosky/public_html/new/student/pannel/academic/result/download_avg_progress_report.php(2997): FPDF->Output()
#3 {main}
  thrown in /home/bornosky/public_html/new/student/pannel/academic/result/fpdf/fpdf.php on line 271
[22-Oct-2020 12:52:29 UTC] PHP Fatal error:  Uncaught Error: Call to a member function fetch_assoc() on boolean in /home/bornosky/public_html/new/student/pannel/academic/result/download_avg_progress_report.php:90
Stack trace:
#0 {main}
  thrown in /home/bornosky/public_html/new/student/pannel/academic/result/download_avg_progress_report.php on line 90
[22-Oct-2020 12:52:32 UTC] PHP Fatal error:  Uncaught Error: Call to a member function fetch_assoc() on boolean in /home/bornosky/public_html/new/student/pannel/academic/result/download_progress_report.php:71
Stack trace:
#0 {main}
  thrown in /home/bornosky/public_html/new/student/pannel/academic/result/download_progress_report.php on line 71
[21-Dec-2020 07:56:18 UTC] PHP Fatal error:  Uncaught Error: Call to a member function fetch_assoc() on boolean in /home/bornosky/public_html/new/student/pannel/academic/result/download_avg_progress_report.php:90
Stack trace:
#0 {main}
  thrown in /home/bornosky/public_html/new/student/pannel/academic/result/download_avg_progress_report.php on line 90
[21-Dec-2020 07:56:20 UTC] PHP Fatal error:  Uncaught Error: Call to a member function fetch_assoc() on boolean in /home/bornosky/public_html/new/student/pannel/academic/result/download_progress_report.php:71
Stack trace:
#0 {main}
  thrown in /home/bornosky/public_html/new/student/pannel/academic/result/download_progress_report.php on line 71
