[12-May-2019 09:33:02 UTC] PHP Parse error:  syntax error, unexpected 'center' (T_STRING) in /home/bornosky/public_html/new/student/pannel/academic/result/progress_report.php on line 137
[18-May-2019 07:39:32 UTC] PHP Fatal error:  Call to a member function fetch_assoc() on boolean in /home/bornosky/public_html/new/student/pannel/academic/result/download_progress_report.php on line 68
[18-May-2019 07:45:18 UTC] PHP Warning:  require(fpdf/fpdf.php): failed to open stream: No such file or directory in /home/bornosky/public_html/new/student/pannel/academic/result/download_progress_report.php on line 107
[18-May-2019 07:45:18 UTC] PHP Warning:  require(fpdf/fpdf.php): failed to open stream: No such file or directory in /home/bornosky/public_html/new/student/pannel/academic/result/download_progress_report.php on line 107
[18-May-2019 07:45:18 UTC] PHP Fatal error:  require(): Failed opening required 'fpdf/fpdf.php' (include_path='.:/opt/cpanel/ea-php56/root/usr/share/pear') in /home/bornosky/public_html/new/student/pannel/academic/result/download_progress_report.php on line 107
[18-May-2019 07:46:19 UTC] PHP Warning:  require(fpdf/fpdf.php): failed to open stream: No such file or directory in /home/bornosky/public_html/new/student/pannel/academic/result/download_progress_report.php on line 107
[18-May-2019 07:46:19 UTC] PHP Warning:  require(fpdf/fpdf.php): failed to open stream: No such file or directory in /home/bornosky/public_html/new/student/pannel/academic/result/download_progress_report.php on line 107
[18-May-2019 07:46:19 UTC] PHP Fatal error:  require(): Failed opening required 'fpdf/fpdf.php' (include_path='.:/opt/cpanel/ea-php56/root/usr/share/pear') in /home/bornosky/public_html/new/student/pannel/academic/result/download_progress_report.php on line 107
[18-May-2019 08:10:45 UTC] PHP Warning:  require(fpdf/fpdf.php): failed to open stream: No such file or directory in /home/bornosky/public_html/new/student/pannel/academic/result/download_progress_report.php on line 108
[18-May-2019 08:10:45 UTC] PHP Warning:  require(fpdf/fpdf.php): failed to open stream: No such file or directory in /home/bornosky/public_html/new/student/pannel/academic/result/download_progress_report.php on line 108
[18-May-2019 08:10:45 UTC] PHP Fatal error:  require(): Failed opening required 'fpdf/fpdf.php' (include_path='.:/opt/cpanel/ea-php56/root/usr/share/pear') in /home/bornosky/public_html/new/student/pannel/academic/result/download_progress_report.php on line 108
[18-May-2019 08:11:51 UTC] PHP Warning:  require(fpdf/fpdf.php): failed to open stream: No such file or directory in /home/bornosky/public_html/new/student/pannel/academic/result/download_progress_report.php on line 108
[18-May-2019 08:11:51 UTC] PHP Warning:  require(fpdf/fpdf.php): failed to open stream: No such file or directory in /home/bornosky/public_html/new/student/pannel/academic/result/download_progress_report.php on line 108
[18-May-2019 08:11:51 UTC] PHP Fatal error:  require(): Failed opening required 'fpdf/fpdf.php' (include_path='.:/opt/cpanel/ea-php56/root/usr/share/pear') in /home/bornosky/public_html/new/student/pannel/academic/result/download_progress_report.php on line 108
[18-May-2019 08:30:24 UTC] PHP Warning:  require(fpdf/fpdf.php): failed to open stream: No such file or directory in /home/bornosky/public_html/new/student/pannel/academic/result/download_progress_report.php on line 108
[18-May-2019 08:30:24 UTC] PHP Warning:  require(fpdf/fpdf.php): failed to open stream: No such file or directory in /home/bornosky/public_html/new/student/pannel/academic/result/download_progress_report.php on line 108
[18-May-2019 08:30:24 UTC] PHP Fatal error:  require(): Failed opening required 'fpdf/fpdf.php' (include_path='.:/opt/cpanel/ea-php56/root/usr/share/pear') in /home/bornosky/public_html/new/student/pannel/academic/result/download_progress_report.php on line 108
[18-May-2019 08:31:54 UTC] PHP Warning:  require(fpdf/fpdf.php): failed to open stream: No such file or directory in /home/bornosky/public_html/new/student/pannel/academic/result/download_progress_report.php on line 108
[18-May-2019 08:31:54 UTC] PHP Warning:  require(fpdf/fpdf.php): failed to open stream: No such file or directory in /home/bornosky/public_html/new/student/pannel/academic/result/download_progress_report.php on line 108
[18-May-2019 08:31:54 UTC] PHP Fatal error:  require(): Failed opening required 'fpdf/fpdf.php' (include_path='.:/opt/cpanel/ea-php56/root/usr/share/pear') in /home/bornosky/public_html/new/student/pannel/academic/result/download_progress_report.php on line 108
[18-May-2019 08:34:51 UTC] PHP Warning:  require(fpdf/fpdf.php): failed to open stream: No such file or directory in /home/bornosky/public_html/new/student/pannel/academic/result/download_progress_report.php on line 110
[18-May-2019 08:34:51 UTC] PHP Warning:  require(fpdf/fpdf.php): failed to open stream: No such file or directory in /home/bornosky/public_html/new/student/pannel/academic/result/download_progress_report.php on line 110
[18-May-2019 08:34:51 UTC] PHP Fatal error:  require(): Failed opening required 'fpdf/fpdf.php' (include_path='.:/opt/cpanel/ea-php56/root/usr/share/pear') in /home/bornosky/public_html/new/student/pannel/academic/result/download_progress_report.php on line 110
[18-May-2019 08:36:42 UTC] PHP Fatal error:  Uncaught exception 'Exception' with message 'FPDF error: Some data has already been output, can't send PDF file (output started at /home/bornosky/public_html/new/student/pannel/academic/result/download_progress_report.php:1767)' in /home/bornosky/public_html/new/student/pannel/academic/result/fpdf/fpdf.php:271
Stack trace:
#0 /home/bornosky/public_html/new/student/pannel/academic/result/fpdf/fpdf.php(1052): FPDF->Error('Some data has a...')
#1 /home/bornosky/public_html/new/student/pannel/academic/result/fpdf/fpdf.php(999): FPDF->_checkoutput()
#2 /home/bornosky/public_html/new/student/pannel/academic/result/download_progress_report.php(2452): FPDF->Output()
#3 {main}
  thrown in /home/bornosky/public_html/new/student/pannel/academic/result/fpdf/fpdf.php on line 271
[18-May-2019 08:40:00 UTC] PHP Fatal error:  Call to a member function fetch_assoc() on boolean in /home/bornosky/public_html/new/student/pannel/academic/result/download_progress_report.php on line 70
[18-May-2019 08:45:17 UTC] PHP Fatal error:  Call to a member function fetch_assoc() on boolean in /home/bornosky/public_html/new/student/pannel/academic/result/download_avg_progress_report.php on line 90
[18-May-2019 08:46:15 UTC] PHP Fatal error:  Call to a member function fetch_assoc() on boolean in /home/bornosky/public_html/new/student/pannel/academic/result/download_avg_progress_report.php on line 90
[18-May-2019 08:49:37 UTC] PHP Fatal error:  Call to a member function fetch_assoc() on boolean in /home/bornosky/public_html/new/student/pannel/academic/result/download_avg_progress_report.php on line 90
[21-May-2019 06:31:40 UTC] PHP Fatal error:  Call to a member function fetch_assoc() on boolean in /home/bornosky/public_html/new/student/pannel/academic/result/download_progress_report.php on line 2192
[21-May-2019 06:31:49 UTC] PHP Fatal error:  Call to a member function fetch_assoc() on boolean in /home/bornosky/public_html/new/student/pannel/academic/result/download_progress_report.php on line 70
[21-May-2019 06:31:56 UTC] PHP Fatal error:  Call to a member function fetch_assoc() on boolean in /home/bornosky/public_html/new/student/pannel/academic/result/download_progress_report.php on line 70
[21-May-2019 06:41:56 UTC] PHP Fatal error:  Call to a member function fetch_assoc() on boolean in /home/bornosky/public_html/new/student/pannel/academic/result/download_progress_report.php on line 2192
[21-May-2019 06:43:11 UTC] PHP Fatal error:  Call to a member function fetch_assoc() on boolean in /home/bornosky/public_html/new/student/pannel/academic/result/download_progress_report.php on line 2192
[21-May-2019 06:50:56 UTC] PHP Fatal error:  Call to a member function fetch_assoc() on boolean in /home/bornosky/public_html/new/student/pannel/academic/result/download_progress_report.php on line 2194
[01-Jun-2019 06:13:50 UTC] PHP Fatal error:  Call to a member function fetch_assoc() on boolean in /home/bornosky/public_html/new/student/pannel/academic/result/download_progress_report.php on line 2194
[01-Jun-2019 06:23:37 UTC] PHP Fatal error:  Call to a member function fetch_assoc() on boolean in /home/bornosky/public_html/new/student/pannel/academic/result/download_progress_report.php on line 2194
[01-Jun-2019 06:24:16 UTC] PHP Fatal error:  Call to a member function fetch_assoc() on boolean in /home/bornosky/public_html/new/student/pannel/academic/result/download_progress_report.php on line 2194
[01-Jun-2019 06:24:32 UTC] PHP Fatal error:  Call to a member function fetch_assoc() on boolean in /home/bornosky/public_html/new/student/pannel/academic/result/download_progress_report.php on line 2194
[01-Jun-2019 06:25:02 UTC] PHP Fatal error:  Call to a member function fetch_assoc() on boolean in /home/bornosky/public_html/new/student/pannel/academic/result/download_progress_report.php on line 2194
[01-Jun-2019 06:25:15 UTC] PHP Fatal error:  Call to a member function fetch_assoc() on boolean in /home/bornosky/public_html/new/student/pannel/academic/result/download_progress_report.php on line 2194
[01-Jun-2019 06:25:54 UTC] PHP Fatal error:  Call to a member function fetch_assoc() on boolean in /home/bornosky/public_html/new/student/pannel/academic/result/download_progress_report.php on line 2191
[01-Jun-2019 06:26:13 UTC] PHP Fatal error:  Call to a member function fetch_assoc() on boolean in /home/bornosky/public_html/new/student/pannel/academic/result/download_progress_report.php on line 2191
[01-Jun-2019 06:26:27 UTC] PHP Fatal error:  Call to a member function fetch_assoc() on boolean in /home/bornosky/public_html/new/student/pannel/academic/result/download_progress_report.php on line 2191
[01-Jun-2019 06:26:40 UTC] PHP Fatal error:  Call to a member function fetch_assoc() on boolean in /home/bornosky/public_html/new/student/pannel/academic/result/download_progress_report.php on line 2191
[01-Jun-2019 06:30:01 UTC] PHP Fatal error:  Call to a member function fetch_assoc() on boolean in /home/bornosky/public_html/new/student/pannel/academic/result/download_progress_report.php on line 2193
[01-Jun-2019 06:31:58 UTC] PHP Fatal error:  Call to a member function fetch_assoc() on boolean in /home/bornosky/public_html/new/student/pannel/academic/result/download_progress_report.php on line 2193
[01-Jun-2019 06:32:17 UTC] PHP Fatal error:  Call to a member function fetch_assoc() on boolean in /home/bornosky/public_html/new/student/pannel/academic/result/download_progress_report.php on line 2193
[01-Jun-2019 06:34:27 UTC] PHP Fatal error:  Call to a member function fetch_assoc() on boolean in /home/bornosky/public_html/new/student/pannel/academic/result/download_progress_report.php on line 2193
[01-Jun-2019 06:34:56 UTC] PHP Fatal error:  Call to a member function fetch_assoc() on boolean in /home/bornosky/public_html/new/student/pannel/academic/result/download_progress_report.php on line 2193
[01-Jun-2019 06:44:38 UTC] PHP Fatal error:  Call to a member function fetch_assoc() on boolean in /home/bornosky/public_html/new/student/pannel/academic/result/download_progress_report.php on line 2194
[01-Jun-2019 06:47:04 UTC] PHP Fatal error:  Call to a member function fetch_assoc() on boolean in /home/bornosky/public_html/new/student/pannel/academic/result/download_progress_report.php on line 1979
[18-Feb-2020 05:00:41 UTC] PHP Fatal error:  Uncaught Error: Call to a member function fetch_assoc() on bool in /home/bornosky/public_html/kurmitola/studentpannel/pannel/academic/result/download_progress_report.php:71
Stack trace:
#0 {main}
  thrown in /home/bornosky/public_html/kurmitola/studentpannel/pannel/academic/result/download_progress_report.php on line 71
[18-Feb-2020 05:00:50 UTC] PHP Fatal error:  Uncaught Error: Call to a member function fetch_assoc() on bool in /home/bornosky/public_html/kurmitola/studentpannel/pannel/academic/result/download_progress_report.php:71
Stack trace:
#0 {main}
  thrown in /home/bornosky/public_html/kurmitola/studentpannel/pannel/academic/result/download_progress_report.php on line 71
[18-Feb-2020 05:52:51 UTC] PHP Fatal error:  Uncaught Error: Call to a member function fetch_assoc() on bool in /home/bornosky/public_html/new/studentpannel/pannel/academic/result/download_progress_report.php:75
Stack trace:
#0 {main}
  thrown in /home/bornosky/public_html/new/studentpannel/pannel/academic/result/download_progress_report.php on line 75
[18-Feb-2020 05:53:43 UTC] PHP Warning:  Use of undefined constant L - assumed 'L' (this will throw an Error in a future version of PHP) in /home/bornosky/public_html/new/studentpannel/pannel/academic/result/download_progress_report.php on line 158
[18-Feb-2020 05:53:43 UTC] PHP Warning:  Use of undefined constant Total - assumed 'Total' (this will throw an Error in a future version of PHP) in /home/bornosky/public_html/new/studentpannel/pannel/academic/result/download_progress_report.php on line 1082
[18-Feb-2020 05:53:43 UTC] PHP Warning:  Use of undefined constant GP - assumed 'GP' (this will throw an Error in a future version of PHP) in /home/bornosky/public_html/new/studentpannel/pannel/academic/result/download_progress_report.php on line 1084
[18-Feb-2020 05:53:43 UTC] PHP Warning:  Use of undefined constant LG - assumed 'LG' (this will throw an Error in a future version of PHP) in /home/bornosky/public_html/new/studentpannel/pannel/academic/result/download_progress_report.php on line 1085
[18-Feb-2020 05:53:49 UTC] PHP Fatal error:  Uncaught Exception: FPDF error: Some data has already been output, can't send PDF file (output started at /home/bornosky/public_html/new/studentpannel/pannel/academic/result/download_progress_report.php:158) in /home/bornosky/public_html/new/studentpannel/pannel/academic/result/fpdf/fpdf.php:271
Stack trace:
#0 /home/bornosky/public_html/new/studentpannel/pannel/academic/result/fpdf/fpdf.php(1052): FPDF->Error('Some data has a...')
#1 /home/bornosky/public_html/new/studentpannel/pannel/academic/result/fpdf/fpdf.php(999): FPDF->_checkoutput()
#2 /home/bornosky/public_html/new/studentpannel/pannel/academic/result/download_progress_report.php(2445): FPDF->Output()
#3 {main}
  thrown in /home/bornosky/public_html/new/studentpannel/pannel/academic/result/fpdf/fpdf.php on line 271
[18-Feb-2020 06:09:25 UTC] PHP Fatal error:  Uncaught Error: Call to a member function fetch_assoc() on bool in /home/bornosky/public_html/new/studentpannel/pannel/academic/result/download_progress_report.php:914
Stack trace:
#0 {main}
  thrown in /home/bornosky/public_html/new/studentpannel/pannel/academic/result/download_progress_report.php on line 914
[18-Feb-2020 06:09:59 UTC] PHP Fatal error:  Uncaught Error: Call to a member function fetch_assoc() on bool in /home/bornosky/public_html/new/studentpannel/pannel/academic/result/download_progress_report.php:914
Stack trace:
#0 {main}
  thrown in /home/bornosky/public_html/new/studentpannel/pannel/academic/result/download_progress_report.php on line 914
[18-Feb-2020 06:22:03 UTC] PHP Fatal error:  Uncaught Exception: FPDF error: Image file name is empty in /home/bornosky/public_html/new/studentpannel/pannel/academic/result/fpdf/fpdf.php:271
Stack trace:
#0 /home/bornosky/public_html/new/studentpannel/pannel/academic/result/fpdf/fpdf.php(868): FPDF->Error('Image file name...')
#1 /home/bornosky/public_html/new/studentpannel/pannel/academic/result/download_progress_report.php(137): FPDF->Image(NULL, 148, 272, 30, 10)
#2 /home/bornosky/public_html/new/studentpannel/pannel/academic/result/fpdf/fpdf.php(308): PDF->Footer()
#3 /home/bornosky/public_html/new/studentpannel/pannel/academic/result/download_progress_report.php(1796): FPDF->AddPage('')
#4 {main}
  thrown in /home/bornosky/public_html/new/studentpannel/pannel/academic/result/fpdf/fpdf.php on line 271
[18-Feb-2020 06:25:18 UTC] PHP Fatal error:  Uncaught Exception: FPDF error: Image file name is empty in /home/bornosky/public_html/new/studentpannel/pannel/academic/result/fpdf/fpdf.php:271
Stack trace:
#0 /home/bornosky/public_html/new/studentpannel/pannel/academic/result/fpdf/fpdf.php(868): FPDF->Error('Image file name...')
#1 /home/bornosky/public_html/new/studentpannel/pannel/academic/result/download_progress_report.php(127): FPDF->Image(NULL, 9, 12, 25, 25)
#2 /home/bornosky/public_html/new/studentpannel/pannel/academic/result/fpdf/fpdf.php(334): PDF->Header()
#3 /home/bornosky/public_html/new/studentpannel/pannel/academic/result/download_progress_report.php(170): FPDF->AddPage()
#4 {main}
  thrown in /home/bornosky/public_html/new/studentpannel/pannel/academic/result/fpdf/fpdf.php on line 271
[18-Feb-2020 06:26:05 UTC] PHP Fatal error:  Uncaught Exception: FPDF error: Image file name is empty in /home/bornosky/public_html/new/studentpannel/pannel/academic/result/fpdf/fpdf.php:271
Stack trace:
#0 /home/bornosky/public_html/new/studentpannel/pannel/academic/result/fpdf/fpdf.php(868): FPDF->Error('Image file name...')
#1 /home/bornosky/public_html/new/studentpannel/pannel/academic/result/download_progress_report.php(138): FPDF->Image(NULL, 148, 272, 30, 10)
#2 /home/bornosky/public_html/new/studentpannel/pannel/academic/result/fpdf/fpdf.php(308): PDF->Footer()
#3 /home/bornosky/public_html/new/studentpannel/pannel/academic/result/download_progress_report.php(1797): FPDF->AddPage('')
#4 {main}
  thrown in /home/bornosky/public_html/new/studentpannel/pannel/academic/result/fpdf/fpdf.php on line 271
[18-Feb-2020 06:38:48 UTC] PHP Fatal error:  Uncaught Exception: FPDF error: Some data has already been output, can't send PDF file (output started at /home/bornosky/public_html/new/studentpannel/pannel/academic/result/download_progress_report.php:21) in /home/bornosky/public_html/new/studentpannel/pannel/academic/result/fpdf/fpdf.php:271
Stack trace:
#0 /home/bornosky/public_html/new/studentpannel/pannel/academic/result/fpdf/fpdf.php(1052): FPDF->Error('Some data has a...')
#1 /home/bornosky/public_html/new/studentpannel/pannel/academic/result/fpdf/fpdf.php(999): FPDF->_checkoutput()
#2 /home/bornosky/public_html/new/studentpannel/pannel/academic/result/download_progress_report.php(2490): FPDF->Output()
#3 {main}
  thrown in /home/bornosky/public_html/new/studentpannel/pannel/academic/result/fpdf/fpdf.php on line 271
[18-Feb-2020 07:09:50 UTC] PHP Fatal error:  Uncaught Error: Call to a member function fetch_assoc() on bool in /home/bornosky/public_html/new/studentpannel/pannel/academic/result/download_progress_report.php:96
Stack trace:
#0 {main}
  thrown in /home/bornosky/public_html/new/studentpannel/pannel/academic/result/download_progress_report.php on line 96
[18-Feb-2020 07:10:51 UTC] PHP Fatal error:  Uncaught Error: Call to a member function fetch_assoc() on bool in /home/bornosky/public_html/new/studentpannel/pannel/academic/result/download_progress_report.php:96
Stack trace:
#0 {main}
  thrown in /home/bornosky/public_html/new/studentpannel/pannel/academic/result/download_progress_report.php on line 96
[18-Feb-2020 07:11:07 UTC] PHP Fatal error:  Uncaught Error: Call to a member function fetch_assoc() on bool in /home/bornosky/public_html/new/studentpannel/pannel/academic/result/download_progress_report.php:96
Stack trace:
#0 {main}
  thrown in /home/bornosky/public_html/new/studentpannel/pannel/academic/result/download_progress_report.php on line 96
[18-Feb-2020 07:44:41 UTC] PHP Fatal error:  Uncaught Error: Call to a member function fetch_assoc() on bool in /home/bornosky/public_html/new/studentpannel/pannel/academic/result/download_progress_report.php:98
Stack trace:
#0 {main}
  thrown in /home/bornosky/public_html/new/studentpannel/pannel/academic/result/download_progress_report.php on line 98
[18-Feb-2020 07:45:03 UTC] PHP Fatal error:  Uncaught Error: Call to a member function fetch_assoc() on bool in /home/bornosky/public_html/new/studentpannel/pannel/academic/result/download_progress_report.php:98
Stack trace:
#0 {main}
  thrown in /home/bornosky/public_html/new/studentpannel/pannel/academic/result/download_progress_report.php on line 98
[18-Feb-2020 07:45:27 UTC] PHP Fatal error:  Uncaught Error: Call to a member function fetch_assoc() on bool in /home/bornosky/public_html/new/studentpannel/pannel/academic/result/download_progress_report.php:98
Stack trace:
#0 {main}
  thrown in /home/bornosky/public_html/new/studentpannel/pannel/academic/result/download_progress_report.php on line 98
[18-Feb-2020 07:46:49 UTC] PHP Fatal error:  Uncaught Error: Call to a member function fetch_assoc() on bool in /home/bornosky/public_html/new/studentpannel/pannel/academic/result/download_progress_report.php:98
Stack trace:
#0 {main}
  thrown in /home/bornosky/public_html/new/studentpannel/pannel/academic/result/download_progress_report.php on line 98
[18-Feb-2020 07:47:17 UTC] PHP Fatal error:  Uncaught Error: Call to a member function fetch_assoc() on bool in /home/bornosky/public_html/new/studentpannel/pannel/academic/result/download_progress_report.php:98
Stack trace:
#0 {main}
  thrown in /home/bornosky/public_html/new/studentpannel/pannel/academic/result/download_progress_report.php on line 98
[18-Feb-2020 07:47:31 UTC] PHP Fatal error:  Uncaught Error: Call to a member function fetch_assoc() on bool in /home/bornosky/public_html/new/studentpannel/pannel/academic/result/download_progress_report.php:98
Stack trace:
#0 {main}
  thrown in /home/bornosky/public_html/new/studentpannel/pannel/academic/result/download_progress_report.php on line 98
[18-Feb-2020 07:49:55 UTC] PHP Fatal error:  Uncaught Error: Call to a member function fetch_assoc() on bool in /home/bornosky/public_html/new/studentpannel/pannel/academic/result/download_progress_report.php:1823
Stack trace:
#0 {main}
  thrown in /home/bornosky/public_html/new/studentpannel/pannel/academic/result/download_progress_report.php on line 1823
[18-Feb-2020 07:50:42 UTC] PHP Fatal error:  Uncaught Error: Call to a member function fetch_assoc() on bool in /home/bornosky/public_html/new/studentpannel/pannel/academic/result/download_progress_report.php:1823
Stack trace:
#0 {main}
  thrown in /home/bornosky/public_html/new/studentpannel/pannel/academic/result/download_progress_report.php on line 1823
[18-Feb-2020 08:05:30 UTC] PHP Warning:  include(database.php): failed to open stream: No such file or directory in /home/bornosky/public_html/new/studentpannel/pannel/academic/result/download_avg_progress_report.php on line 11
[18-Feb-2020 08:05:30 UTC] PHP Warning:  include(database.php): failed to open stream: No such file or directory in /home/bornosky/public_html/new/studentpannel/pannel/academic/result/download_avg_progress_report.php on line 11
[18-Feb-2020 08:05:30 UTC] PHP Warning:  include(): Failed opening 'database.php' for inclusion (include_path='.:/opt/cpanel/ea-php73/root/usr/share/pear') in /home/bornosky/public_html/new/studentpannel/pannel/academic/result/download_avg_progress_report.php on line 11
[18-Feb-2020 08:05:30 UTC] PHP Fatal error:  Uncaught Error: Call to a member function query() on null in /home/bornosky/public_html/new/studentpannel/pannel/academic/result/download_avg_progress_report.php:13
Stack trace:
#0 {main}
  thrown in /home/bornosky/public_html/new/studentpannel/pannel/academic/result/download_avg_progress_report.php on line 13
[18-Feb-2020 08:06:54 UTC] PHP Warning:  Use of undefined constant Annual - assumed 'Annual' (this will throw an Error in a future version of PHP) in /home/bornosky/public_html/new/studentpannel/pannel/academic/result/download_avg_progress_report.php on line 2229
[18-Feb-2020 08:06:54 UTC] PHP Warning:  Use of undefined constant GP - assumed 'GP' (this will throw an Error in a future version of PHP) in /home/bornosky/public_html/new/studentpannel/pannel/academic/result/download_avg_progress_report.php on line 2273
[18-Feb-2020 08:06:54 UTC] PHP Warning:  Use of undefined constant LG - assumed 'LG' (this will throw an Error in a future version of PHP) in /home/bornosky/public_html/new/studentpannel/pannel/academic/result/download_avg_progress_report.php on line 2274
[18-Feb-2020 08:06:54 UTC] PHP Warning:  Use of undefined constant GP - assumed 'GP' (this will throw an Error in a future version of PHP) in /home/bornosky/public_html/new/studentpannel/pannel/academic/result/download_avg_progress_report.php on line 2282
[18-Feb-2020 08:06:54 UTC] PHP Warning:  Use of undefined constant LG - assumed 'LG' (this will throw an Error in a future version of PHP) in /home/bornosky/public_html/new/studentpannel/pannel/academic/result/download_avg_progress_report.php on line 2283
[18-Feb-2020 08:06:54 UTC] PHP Warning:  Use of undefined constant GP - assumed 'GP' (this will throw an Error in a future version of PHP) in /home/bornosky/public_html/new/studentpannel/pannel/academic/result/download_avg_progress_report.php on line 2291
[18-Feb-2020 08:06:54 UTC] PHP Warning:  Use of undefined constant LG - assumed 'LG' (this will throw an Error in a future version of PHP) in /home/bornosky/public_html/new/studentpannel/pannel/academic/result/download_avg_progress_report.php on line 2292
[18-Feb-2020 08:06:56 UTC] PHP Warning:  Use of undefined constant Average - assumed 'Average' (this will throw an Error in a future version of PHP) in /home/bornosky/public_html/new/studentpannel/pannel/academic/result/download_avg_progress_report.php on line 2919
[18-Feb-2020 08:06:56 UTC] PHP Fatal error:  Uncaught Exception: FPDF error: Some data has already been output, can't send PDF file (output started at /home/bornosky/public_html/new/studentpannel/pannel/academic/result/download_avg_progress_report.php:2229) in /home/bornosky/public_html/new/studentpannel/pannel/academic/result/fpdf/fpdf.php:271
Stack trace:
#0 /home/bornosky/public_html/new/studentpannel/pannel/academic/result/fpdf/fpdf.php(1052): FPDF->Error('Some data has a...')
#1 /home/bornosky/public_html/new/studentpannel/pannel/academic/result/fpdf/fpdf.php(999): FPDF->_checkoutput()
#2 /home/bornosky/public_html/new/studentpannel/pannel/academic/result/download_avg_progress_report.php(2989): FPDF->Output()
#3 {main}
  thrown in /home/bornosky/public_html/new/studentpannel/pannel/academic/result/fpdf/fpdf.php on line 271
[20-Feb-2020 06:04:45 UTC] PHP Fatal error:  Uncaught Error: Call to a member function fetch_assoc() on bool in /home/bornosky/public_html/new/studentpannel/pannel/academic/result/download_avg_progress_report.php:93
Stack trace:
#0 {main}
  thrown in /home/bornosky/public_html/new/studentpannel/pannel/academic/result/download_avg_progress_report.php on line 93
[20-Feb-2020 06:04:53 UTC] PHP Fatal error:  Uncaught Error: Call to a member function fetch_assoc() on bool in /home/bornosky/public_html/new/studentpannel/pannel/academic/result/download_avg_progress_report.php:93
Stack trace:
#0 {main}
  thrown in /home/bornosky/public_html/new/studentpannel/pannel/academic/result/download_avg_progress_report.php on line 93
[20-Feb-2020 06:07:23 UTC] PHP Fatal error:  Uncaught Error: Call to a member function fetch_assoc() on bool in /home/bornosky/public_html/new/studentpannel/pannel/academic/result/download_avg_progress_report.php:894
Stack trace:
#0 {main}
  thrown in /home/bornosky/public_html/new/studentpannel/pannel/academic/result/download_avg_progress_report.php on line 894
[20-Feb-2020 06:07:31 UTC] PHP Fatal error:  Uncaught Error: Call to a member function fetch_assoc() on bool in /home/bornosky/public_html/new/studentpannel/pannel/academic/result/download_avg_progress_report.php:894
Stack trace:
#0 {main}
  thrown in /home/bornosky/public_html/new/studentpannel/pannel/academic/result/download_avg_progress_report.php on line 894
[20-Feb-2020 06:08:08 UTC] PHP Fatal error:  Uncaught Error: Call to a member function fetch_assoc() on bool in /home/bornosky/public_html/new/studentpannel/pannel/academic/result/download_avg_progress_report.php:894
Stack trace:
#0 {main}
  thrown in /home/bornosky/public_html/new/studentpannel/pannel/academic/result/download_avg_progress_report.php on line 894
[20-Feb-2020 06:08:21 UTC] PHP Fatal error:  Uncaught Error: Call to a member function fetch_assoc() on bool in /home/bornosky/public_html/new/studentpannel/pannel/academic/result/download_avg_progress_report.php:894
Stack trace:
#0 {main}
  thrown in /home/bornosky/public_html/new/studentpannel/pannel/academic/result/download_avg_progress_report.php on line 894
[20-Feb-2020 06:10:03 UTC] PHP Fatal error:  Uncaught Error: Call to a member function fetch_assoc() on bool in /home/bornosky/public_html/new/studentpannel/pannel/academic/result/download_avg_progress_report.php:894
Stack trace:
#0 {main}
  thrown in /home/bornosky/public_html/new/studentpannel/pannel/academic/result/download_avg_progress_report.php on line 894
[20-Feb-2020 06:10:07 UTC] PHP Fatal error:  Uncaught Error: Call to a member function fetch_assoc() on bool in /home/bornosky/public_html/new/studentpannel/pannel/academic/result/download_avg_progress_report.php:894
Stack trace:
#0 {main}
  thrown in /home/bornosky/public_html/new/studentpannel/pannel/academic/result/download_avg_progress_report.php on line 894
[20-Feb-2020 06:10:43 UTC] PHP Fatal error:  Uncaught Error: Call to a member function fetch_assoc() on bool in /home/bornosky/public_html/new/studentpannel/pannel/academic/result/download_avg_progress_report.php:894
Stack trace:
#0 {main}
  thrown in /home/bornosky/public_html/new/studentpannel/pannel/academic/result/download_avg_progress_report.php on line 894
[20-Feb-2020 06:12:17 UTC] PHP Fatal error:  Uncaught Error: Call to a member function fetch_assoc() on bool in /home/bornosky/public_html/new/studentpannel/pannel/academic/result/download_avg_progress_report.php:894
Stack trace:
#0 {main}
  thrown in /home/bornosky/public_html/new/studentpannel/pannel/academic/result/download_avg_progress_report.php on line 894
[03-Mar-2020 11:56:34 UTC] PHP Fatal error:  Uncaught Error: Call to a member function fetch_assoc() on bool in /home/bornosky/public_html/new/studentpannel/pannel/academic/result/download_progress_report.php:98
Stack trace:
#0 {main}
  thrown in /home/bornosky/public_html/new/studentpannel/pannel/academic/result/download_progress_report.php on line 98
[03-Mar-2020 11:58:13 UTC] PHP Fatal error:  Uncaught Error: Call to a member function fetch_assoc() on bool in /home/bornosky/public_html/new/studentpannel/pannel/academic/result/download_avg_progress_report.php:886
Stack trace:
#0 {main}
  thrown in /home/bornosky/public_html/new/studentpannel/pannel/academic/result/download_avg_progress_report.php on line 886
[03-Mar-2020 11:58:30 UTC] PHP Fatal error:  Uncaught Error: Call to a member function fetch_assoc() on bool in /home/bornosky/public_html/new/studentpannel/pannel/academic/result/download_avg_progress_report.php:886
Stack trace:
#0 {main}
  thrown in /home/bornosky/public_html/new/studentpannel/pannel/academic/result/download_avg_progress_report.php on line 886
[03-Mar-2020 11:59:39 UTC] PHP Fatal error:  Uncaught Error: Call to a member function fetch_assoc() on bool in /home/bornosky/public_html/new/studentpannel/pannel/academic/result/download_avg_progress_report.php:886
Stack trace:
#0 {main}
  thrown in /home/bornosky/public_html/new/studentpannel/pannel/academic/result/download_avg_progress_report.php on line 886
[03-Mar-2020 12:06:49 UTC] PHP Fatal error:  Uncaught Error: Call to a member function fetch_assoc() on bool in /home/bornosky/public_html/new/studentpannel/pannel/academic/result/download_avg_progress_report.php:2757
Stack trace:
#0 {main}
  thrown in /home/bornosky/public_html/new/studentpannel/pannel/academic/result/download_avg_progress_report.php on line 2757
[03-Mar-2020 12:07:46 UTC] PHP Fatal error:  Uncaught Error: Call to a member function fetch_assoc() on bool in /home/bornosky/public_html/new/studentpannel/pannel/academic/result/download_avg_progress_report.php:2757
Stack trace:
#0 {main}
  thrown in /home/bornosky/public_html/new/studentpannel/pannel/academic/result/download_avg_progress_report.php on line 2757
[03-Mar-2020 16:17:41 UTC] PHP Fatal error:  Uncaught Error: Call to a member function fetch_assoc() on bool in /home/bornosky/public_html/new/studentpannel/pannel/academic/result/download_avg_progress_report.php:2758
Stack trace:
#0 {main}
  thrown in /home/bornosky/public_html/new/studentpannel/pannel/academic/result/download_avg_progress_report.php on line 2758
[03-Mar-2020 16:23:02 UTC] PHP Fatal error:  Uncaught Error: Call to a member function fetch_assoc() on bool in /home/bornosky/public_html/new/studentpannel/pannel/academic/result/download_avg_progress_report.php:90
Stack trace:
#0 {main}
  thrown in /home/bornosky/public_html/new/studentpannel/pannel/academic/result/download_avg_progress_report.php on line 90
[03-Mar-2020 16:24:52 UTC] PHP Fatal error:  Uncaught Error: Call to a member function fetch_assoc() on bool in /home/bornosky/public_html/new/studentpannel/pannel/academic/result/download_avg_progress_report.php:95
Stack trace:
#0 {main}
  thrown in /home/bornosky/public_html/new/studentpannel/pannel/academic/result/download_avg_progress_report.php on line 95
[03-Mar-2020 16:26:04 UTC] PHP Warning:  Use of undefined constant L - assumed 'L' (this will throw an Error in a future version of PHP) in /home/bornosky/public_html/new/studentpannel/pannel/academic/result/download_avg_progress_report.php on line 190
[03-Mar-2020 16:26:04 UTC] PHP Warning:  Use of undefined constant Annual - assumed 'Annual' (this will throw an Error in a future version of PHP) in /home/bornosky/public_html/new/studentpannel/pannel/academic/result/download_avg_progress_report.php on line 364
[03-Mar-2020 16:26:04 UTC] PHP Warning:  Use of undefined constant GP - assumed 'GP' (this will throw an Error in a future version of PHP) in /home/bornosky/public_html/new/studentpannel/pannel/academic/result/download_avg_progress_report.php on line 408
[03-Mar-2020 16:26:04 UTC] PHP Warning:  Use of undefined constant LG - assumed 'LG' (this will throw an Error in a future version of PHP) in /home/bornosky/public_html/new/studentpannel/pannel/academic/result/download_avg_progress_report.php on line 409
[03-Mar-2020 16:26:04 UTC] PHP Warning:  Use of undefined constant GP - assumed 'GP' (this will throw an Error in a future version of PHP) in /home/bornosky/public_html/new/studentpannel/pannel/academic/result/download_avg_progress_report.php on line 417
[03-Mar-2020 16:26:04 UTC] PHP Warning:  Use of undefined constant LG - assumed 'LG' (this will throw an Error in a future version of PHP) in /home/bornosky/public_html/new/studentpannel/pannel/academic/result/download_avg_progress_report.php on line 418
[03-Mar-2020 16:26:04 UTC] PHP Warning:  Use of undefined constant GP - assumed 'GP' (this will throw an Error in a future version of PHP) in /home/bornosky/public_html/new/studentpannel/pannel/academic/result/download_avg_progress_report.php on line 426
[03-Mar-2020 16:26:04 UTC] PHP Warning:  Use of undefined constant LG - assumed 'LG' (this will throw an Error in a future version of PHP) in /home/bornosky/public_html/new/studentpannel/pannel/academic/result/download_avg_progress_report.php on line 427
[03-Mar-2020 16:26:04 UTC] PHP Fatal error:  Uncaught Error: Call to a member function fetch_assoc() on bool in /home/bornosky/public_html/new/studentpannel/pannel/academic/result/download_avg_progress_report.php:893
Stack trace:
#0 {main}
  thrown in /home/bornosky/public_html/new/studentpannel/pannel/academic/result/download_avg_progress_report.php on line 893
[03-Mar-2020 16:27:59 UTC] PHP Warning:  Use of undefined constant Annual - assumed 'Annual' (this will throw an Error in a future version of PHP) in /home/bornosky/public_html/new/studentpannel/pannel/academic/result/download_avg_progress_report.php on line 364
[03-Mar-2020 16:27:59 UTC] PHP Warning:  Use of undefined constant GP - assumed 'GP' (this will throw an Error in a future version of PHP) in /home/bornosky/public_html/new/studentpannel/pannel/academic/result/download_avg_progress_report.php on line 408
[03-Mar-2020 16:27:59 UTC] PHP Warning:  Use of undefined constant LG - assumed 'LG' (this will throw an Error in a future version of PHP) in /home/bornosky/public_html/new/studentpannel/pannel/academic/result/download_avg_progress_report.php on line 409
[03-Mar-2020 16:27:59 UTC] PHP Warning:  Use of undefined constant GP - assumed 'GP' (this will throw an Error in a future version of PHP) in /home/bornosky/public_html/new/studentpannel/pannel/academic/result/download_avg_progress_report.php on line 417
[03-Mar-2020 16:27:59 UTC] PHP Warning:  Use of undefined constant LG - assumed 'LG' (this will throw an Error in a future version of PHP) in /home/bornosky/public_html/new/studentpannel/pannel/academic/result/download_avg_progress_report.php on line 418
[03-Mar-2020 16:27:59 UTC] PHP Warning:  Use of undefined constant GP - assumed 'GP' (this will throw an Error in a future version of PHP) in /home/bornosky/public_html/new/studentpannel/pannel/academic/result/download_avg_progress_report.php on line 426
[03-Mar-2020 16:27:59 UTC] PHP Warning:  Use of undefined constant LG - assumed 'LG' (this will throw an Error in a future version of PHP) in /home/bornosky/public_html/new/studentpannel/pannel/academic/result/download_avg_progress_report.php on line 427
[03-Mar-2020 16:27:59 UTC] PHP Fatal error:  Uncaught Error: Call to a member function fetch_assoc() on bool in /home/bornosky/public_html/new/studentpannel/pannel/academic/result/download_avg_progress_report.php:893
Stack trace:
#0 {main}
  thrown in /home/bornosky/public_html/new/studentpannel/pannel/academic/result/download_avg_progress_report.php on line 893
[03-Mar-2020 16:36:58 UTC] PHP Fatal error:  Uncaught Error: Call to a member function fetch_assoc() on bool in /home/bornosky/public_html/new/studentpannel/pannel/academic/result/download_avg_progress_report.php:893
Stack trace:
#0 {main}
  thrown in /home/bornosky/public_html/new/studentpannel/pannel/academic/result/download_avg_progress_report.php on line 893
[03-Mar-2020 16:39:38 UTC] PHP Fatal error:  Uncaught Error: Call to a member function fetch_assoc() on bool in /home/bornosky/public_html/new/studentpannel/pannel/academic/result/download_avg_progress_report.php:95
Stack trace:
#0 {main}
  thrown in /home/bornosky/public_html/new/studentpannel/pannel/academic/result/download_avg_progress_report.php on line 95
[03-Mar-2020 16:43:01 UTC] PHP Warning:  Use of undefined constant Average - assumed 'Average' (this will throw an Error in a future version of PHP) in /home/bornosky/public_html/new/studentpannel/pannel/academic/result/download_avg_progress_report.php on line 1053
[03-Mar-2020 16:43:01 UTC] PHP Warning:  Use of undefined constant Annual - assumed 'Annual' (this will throw an Error in a future version of PHP) in /home/bornosky/public_html/new/studentpannel/pannel/academic/result/download_avg_progress_report.php on line 2232
[03-Mar-2020 16:43:01 UTC] PHP Warning:  Use of undefined constant GP - assumed 'GP' (this will throw an Error in a future version of PHP) in /home/bornosky/public_html/new/studentpannel/pannel/academic/result/download_avg_progress_report.php on line 2276
[03-Mar-2020 16:43:01 UTC] PHP Warning:  Use of undefined constant LG - assumed 'LG' (this will throw an Error in a future version of PHP) in /home/bornosky/public_html/new/studentpannel/pannel/academic/result/download_avg_progress_report.php on line 2277
[03-Mar-2020 16:43:01 UTC] PHP Warning:  Use of undefined constant GP - assumed 'GP' (this will throw an Error in a future version of PHP) in /home/bornosky/public_html/new/studentpannel/pannel/academic/result/download_avg_progress_report.php on line 2285
[03-Mar-2020 16:43:01 UTC] PHP Warning:  Use of undefined constant LG - assumed 'LG' (this will throw an Error in a future version of PHP) in /home/bornosky/public_html/new/studentpannel/pannel/academic/result/download_avg_progress_report.php on line 2286
[03-Mar-2020 16:43:01 UTC] PHP Warning:  Use of undefined constant GP - assumed 'GP' (this will throw an Error in a future version of PHP) in /home/bornosky/public_html/new/studentpannel/pannel/academic/result/download_avg_progress_report.php on line 2294
[03-Mar-2020 16:43:01 UTC] PHP Warning:  Use of undefined constant LG - assumed 'LG' (this will throw an Error in a future version of PHP) in /home/bornosky/public_html/new/studentpannel/pannel/academic/result/download_avg_progress_report.php on line 2295
[03-Mar-2020 16:43:01 UTC] PHP Fatal error:  Uncaught Error: Call to a member function fetch_assoc() on bool in /home/bornosky/public_html/new/studentpannel/pannel/academic/result/download_avg_progress_report.php:2764
Stack trace:
#0 {main}
  thrown in /home/bornosky/public_html/new/studentpannel/pannel/academic/result/download_avg_progress_report.php on line 2764
[03-Mar-2020 16:45:50 UTC] PHP Fatal error:  Uncaught Error: Call to a member function fetch_assoc() on bool in /home/bornosky/public_html/new/studentpannel/pannel/academic/result/download_avg_progress_report.php:2764
Stack trace:
#0 {main}
  thrown in /home/bornosky/public_html/new/studentpannel/pannel/academic/result/download_avg_progress_report.php on line 2764
